09-07 00:17:49 replicate_layout.action_replicate_layout 313:Plugin executed on: 'linux'
09-07 00:17:49 replicate_layout.action_replicate_layout 314:Plugin executed with python version: '3.8.10 (default, Jun  2 2021, 10:49:15) \n[GCC 9.4.0]'
09-07 00:17:49 replicate_layout.action_replicate_layout 315:KiCad build version: 5.1.10-88a1d61d58~89~ubuntu20.04.1
09-07 00:17:49 replicate_layout.action_replicate_layout 316:Replicate layout plugin version: 74 started
09-07 00:17:49 replicate_layout.action_replicate_layout 329:All top level windows titles are:
kicad 5.1.10-88a1d61d58~89~ubuntu20.04.1 /home/vasu/documents/projects/bed_presence/pcb/main_board/main_board.pro

eeschema — adc_with_amps.sch [/adc0/] — /home/vasu/documents/projects/bed_presence/pcb/main_board

pcbnew — /home/vasu/documents/projects/bed_presence/pcb/main_board/main_board.kicad_pcb


footprint editor — wifi_connector:pinheader_1x13_p2.54mm_vertical_smd_pin1left 


position relative to reference item
replicate layout
09-07 00:17:49 replicate_layout.action_replicate_layout 330:All top level windows objects are:
 <wx._core.Frame object at 0x7f47f0dba3a0>
<wx._core.Frame object at 0x7f47f0dcf4c0>
<wx._core.Frame object at 0x7f47f0dba3a0>
<wx._core.Frame object at 0x7f47f0dcf4c0>
<wx._core.Frame object at 0x7f47f0dba3a0>
<wx._core.Frame object at 0x7f47f0dcf4c0>
<wx._core.Frame object at 0x7f47f0dba3a0>
<wx._core.Frame object at 0x7f47f0dcf4c0>
<wx._core.Frame object at 0x7f47f0dba3a0>
<wx._core.Frame object at 0x7f47f0dcf4c0>
<wx._core.Dialog object at 0x7f47f0dba3a0>
<replicate_layout.action_replicate_layout.ReplicateLayoutDialog object at 0x7f47f0d82d30>
09-07 00:17:49 replicate_layout.action_replicate_layout 353:Preparing replicator with U4 as a reference
09-07 00:17:49 replicate_layout.replicatelayout 215:getting project hierarchy from schematics
09-07 00:17:49 replicate_layout.replicatelayout 217:Project hierarchy looks like:
{'61922F04': ['ADC0', '/home/vasu/Documents/projects/bed_presence/PCB/main_board/adc_with_amps.sch'], '61994748': ['Bridge1', '/home/vasu/Documents/projects/bed_presence/PCB/main_board/bridge_interface.sch'], '6199965E': ['Bridge2', '/home/vasu/Documents/projects/bed_presence/PCB/main_board/bridge_interface.sch'], '6199B12D': ['Bridge3', '/home/vasu/Documents/projects/bed_presence/PCB/main_board/bridge_interface.sch'], '6192F677': ['Bridge0', '/home/vasu/Documents/projects/bed_presence/PCB/main_board/bridge_interface.sch'], '61CAC716': ['ADC1', '/home/vasu/Documents/projects/bed_presence/PCB/main_board/adc_with_amps.sch'], '61CEFAB0': ['ADC2', '/home/vasu/Documents/projects/bed_presence/PCB/main_board/adc_with_amps.sch']}
09-07 00:17:49 replicate_layout.replicatelayout 225:getting a list of all footprints on board
09-07 00:17:49 replicate_layout.action_replicate_layout 379:source anchor footprint is 'U4'
Located on:['ADC0']
With filenames:['adc_with_amps.sch']
With sheet_id:['ADC0']
09-07 00:17:49 replicate_layout.action_replicate_layout 384:Corresponding footprints are 
[('U14', ['ADC2']), ('U9', ['ADC1']), ('U4', ['ADC0'])]
09-07 00:17:49 replicate_layout.action_replicate_layout 397:Showing dialog
09-07 00:17:49 replicate_layout.replicatelayout 249:construcing a list of sheets suitable for replication on level:'ADC0', file:'adc_with_amps.sch'
09-07 00:17:49 replicate_layout.replicatelayout 256:Source sheet path up to the level:['ADC0']
09-07 00:17:49 replicate_layout.replicatelayout 260:Footprints on the sheets:
['U14', 'U9', 'U4']
09-07 00:17:49 replicate_layout.replicatelayout 263:Footprints raw sheet ids:
['/61CEFAB0/6192E142', '/61CAC716/6192E142', '/61922F04/6192E142']
09-07 00:17:49 replicate_layout.replicatelayout 279:All sheets to replicate:
[['ADC2'], ['ADC1'], ['ADC0']]
09-07 00:17:49 replicate_layout.replicatelayout 284:All sheets to replicate sorted:
[['ADC0'], ['ADC1'], ['ADC2']]
09-07 00:17:49 replicate_layout.replicatelayout 290:All sheets to replicate sorted and without source sheet:
[['ADC1'], ['ADC2']]
09-07 00:17:50 replicate_layout.action_replicate_layout 401:Pcbnew position: wx.Point(2560, 1440)
09-07 00:17:50 replicate_layout.action_replicate_layout 407:Display 0: wx.Rect(2560, 1440, 2560, 1440)
09-07 00:17:50 replicate_layout.action_replicate_layout 407:Display 1: wx.Rect(5120, 1440, 2560, 1440)
09-07 00:17:50 replicate_layout.action_replicate_layout 407:Display 2: wx.Rect(0, 1440, 2560, 1440)
09-07 00:17:50 replicate_layout.action_replicate_layout 407:Display 3: wx.Rect(2085, 0, 3440, 1440)
09-07 00:17:50 replicate_layout.action_replicate_layout 411:Toolbar position: wx.Point(7644, 1526)
09-07 00:17:50 replicate_layout.action_replicate_layout 418:Dialog position: wx.Point(7331, 1526)
09-07 00:17:54 replicate_layout.replicatelayout 249:construcing a list of sheets suitable for replication on level:'ADC0', file:'adc_with_amps.sch'
09-07 00:17:54 replicate_layout.replicatelayout 256:Source sheet path up to the level:['ADC0']
09-07 00:17:54 replicate_layout.replicatelayout 260:Footprints on the sheets:
['U14', 'U9', 'U4']
09-07 00:17:54 replicate_layout.replicatelayout 263:Footprints raw sheet ids:
['/61CEFAB0/6192E142', '/61CAC716/6192E142', '/61922F04/6192E142']
09-07 00:17:54 replicate_layout.replicatelayout 279:All sheets to replicate:
[['ADC2'], ['ADC1'], ['ADC0']]
09-07 00:17:54 replicate_layout.replicatelayout 284:All sheets to replicate sorted:
[['ADC0'], ['ADC1'], ['ADC2']]
09-07 00:17:54 replicate_layout.replicatelayout 290:All sheets to replicate sorted and without source sheet:
[['ADC1'], ['ADC2']]
09-07 00:17:54 replicate_layout.action_replicate_layout 186:Replicating layout
09-07 00:17:54 replicate_layout.replicatelayout 999:Starting replication of sheets: [['ADC1'], ['ADC2']]
on level: ['ADC0']
with tracks=True, zone=True, text=True, containing=False, remove=True, locked=True
09-07 00:17:54 root 269:updating GUI message: 'Preparing for replication'
09-07 00:17:54 replicate_layout.replicatelayout 556:Getting the list of source footprints
09-07 00:17:54 root 274:updating GUI with: 0
09-07 00:17:54 replicate_layout.replicatelayout 560:Getting the list of all the remaining footprints
09-07 00:17:54 replicate_layout.replicatelayout 564:Getting nets local to source footprints
09-07 00:17:54 replicate_layout.replicatelayout 568:Getting source bounding box
09-07 00:17:54 root 274:updating GUI with: 37
09-07 00:17:54 replicate_layout.replicatelayout 572:Getting source tracks
09-07 00:17:54 replicate_layout.replicatelayout 576:Getting source zones
09-07 00:17:54 replicate_layout.replicatelayout 580:Getting source text items
09-07 00:17:54 replicate_layout.replicatelayout 584:Getting source text items
09-07 00:17:54 replicate_layout.replicatelayout 1030:Removing tracks and zones, before module placement
09-07 00:17:54 root 269:updating GUI message: 'Removing zones and tracks'
09-07 00:17:54 root 274:updating GUI with: 0
09-07 00:17:54 root 274:updating GUI with: 50
09-07 00:17:54 root 269:updating GUI message: 'Replicating footprints'
09-07 00:17:54 root 274:updating GUI with: 0
09-07 00:17:54 replicate_layout.replicatelayout 590:Replicating footprints
09-07 00:17:54 replicate_layout.replicatelayout 596:Replicating footprints on sheet ['ADC1']
09-07 00:17:54 root 274:updating GUI with: 8
09-07 00:17:55 root 274:updating GUI with: 32
09-07 00:17:55 replicate_layout.replicatelayout 596:Replicating footprints on sheet ['ADC2']
09-07 00:17:55 root 274:updating GUI with: 55
09-07 00:17:55 root 274:updating GUI with: 69
09-07 00:17:55 root 274:updating GUI with: 95
09-07 00:17:55 replicate_layout.replicatelayout 1038:Removing tracks and zones, after module placement
09-07 00:17:55 root 269:updating GUI message: 'Removing zones and tracks'
09-07 00:17:55 root 274:updating GUI with: 50
09-07 00:17:55 root 269:updating GUI message: 'Replicating tracks'
09-07 00:17:55 root 274:updating GUI with: 0
09-07 00:17:55 replicate_layout.replicatelayout 720:Replicating tracks
09-07 00:17:55 replicate_layout.replicatelayout 726:Replicating tracks on sheet ['ADC1']
09-07 00:17:55 root 274:updating GUI with: 0
09-07 00:17:55 replicate_layout.replicatelayout 726:Replicating tracks on sheet ['ADC2']
09-07 00:17:55 root 274:updating GUI with: 50
09-07 00:17:55 root 269:updating GUI message: 'Replicating zones'
09-07 00:17:55 replicate_layout.replicatelayout 771:Replicating zones
09-07 00:17:55 replicate_layout.replicatelayout 778:Replicating zones on sheet ['ADC1']
09-07 00:17:55 root 274:updating GUI with: 50
09-07 00:17:55 replicate_layout.replicatelayout 778:Replicating zones on sheet ['ADC2']
09-07 00:17:55 root 269:updating GUI message: 'Replicating text'
09-07 00:17:55 root 274:updating GUI with: 0
09-07 00:17:55 replicate_layout.replicatelayout 837:Replicating text
09-07 00:17:55 replicate_layout.replicatelayout 844:Replicating text on sheet ['ADC1']
09-07 00:17:55 replicate_layout.replicatelayout 844:Replicating text on sheet ['ADC2']
09-07 00:17:55 root 269:updating GUI message: 'Replicating drawings'
09-07 00:17:55 replicate_layout.replicatelayout 868:Replicating drawings
09-07 00:17:55 replicate_layout.replicatelayout 874:Replicating drawings on sheet ['ADC1']
09-07 00:17:55 replicate_layout.replicatelayout 874:Replicating drawings on sheet ['ADC2']
09-07 00:17:55 root 269:updating GUI message: 'Removing duplicates'
09-07 00:17:55 replicate_layout.action_replicate_layout 209:Replication complete
